<?xml version="1.0" encoding="UTF-8"?>
<!-- Generated by org.testng.reporters.JUnitXMLReporter -->
<testsuite ignored="2" hostname="DESKTOP-I5RB4A6" failures="0" tests="8" name="Group" time="318.363" errors="0" timestamp="2024-05-22T19:01:18 IST">
  <testcase classname="testNG.GroupsTest" name="AppLaunch" time="15.698"/>
  <testcase classname="testNG.GroupsTest" name="EnterLoginDetails" time="1.15"/>
  <testcase classname="testNG.GroupsTest" name="MenuAboutUsClick" time="36.424"/>
  <testcase classname="testNG.GroupsTest" name="ProductsSauceCross" time="56.607"/>
  <testcase classname="testNG.GroupsTest" name="ProductsSauceErrorReport" time="34.83"/>
  <testcase classname="testNG.GroupsTest" name="ProductsSauceLowCode" time="58.219"/>
  <testcase classname="testNG.GroupsTest" name="SolutionsEnterprise" time="67.691"/>
  <testcase classname="testNG.GroupsTest" name="SolutionsTeams" time="47.63"/>
  <testcase classname="testNG.GroupsTest" name="ProductsPlatform" time="0.0">
    <ignored/>
  </testcase> <!-- ProductsPlatform -->
  <testcase classname="testNG.GroupsTest" name="ProductsSauceMobile" time="0.0">
    <ignored/>
  </testcase> <!-- ProductsSauceMobile -->
</testsuite> <!-- Group -->
