<?xml version="1.0" encoding="UTF-8"?>
<!-- Generated by org.testng.reporters.JUnitXMLReporter -->
<testsuite ignored="0" hostname="DESKTOP-I5RB4A6" failures="0" tests="37" name="Swaglabs" time="462.474" errors="0" timestamp="2024-05-27T13:06:30 IST">
  <testcase classname="testNG.SwagLabs" name="AppLaunch" time="6.285"/>
  <testcase classname="testNG.SwagLabs" name="EnterLoginDetails" time="0.714"/>
  <testcase classname="testNG.SwagLabs" name="MenuAboutUsClick" time="15.502"/>
  <testcase classname="testNG.SwagLabs" name="ProductsPlatform" time="8.765"/>
  <testcase classname="testNG.SwagLabs" name="ProductsSauceCross" time="10.522"/>
  <testcase classname="testNG.SwagLabs" name="ProductsSauceMobile" time="7.964"/>
  <testcase classname="testNG.SwagLabs" name="ProductsSauceLowCode" time="7.494"/>
  <testcase classname="testNG.SwagLabs" name="ProductsSauceErrorReport" time="8.329"/>
  <testcase classname="testNG.SwagLabs" name="SolutionsEnterprise" time="7.854"/>
  <testcase classname="testNG.SwagLabs" name="SolutionsTeams" time="7.023"/>
  <testcase classname="testNG.SwagLabs" name="SolutionsTestorchestration" time="7.89"/>
  <testcase classname="testNG.SwagLabs" name="SolutionsVisualtesting" time="7.536"/>
  <testcase classname="testNG.SauceLabs" name="AppLaunch" time="7.657"/>
  <testcase classname="testNG.SauceLabs" name="EnterLoginDetails" time="0.74"/>
  <testcase classname="testNG.SauceLabs" name="MenuAboutUsClick" time="25.952"/>
  <testcase classname="testNG.SauceLabs" name="SolutionsBetaTesting" time="11.479"/>
  <testcase classname="testNG.SauceLabs" name="SolutionsTestAnalytics" time="12.285"/>
  <testcase classname="testNG.SauceLabs" name="SolutionsDebugging" time="10.633"/>
  <testcase classname="testNG.SauceLabs" name="DevelopersSelenium" time="7.841"/>
  <testcase classname="testNG.SauceLabs" name="DevelopersFAQs" time="11.642"/>
  <testcase classname="testNG.SauceLabs" name="SolutionsCIandCD" time="12.453"/>
  <testcase classname="testNG.SauceLabs" name="SolutionsContinuesTesting" time="10.599"/>
  <testcase classname="testNG.SauceLabs" name="DevelopersDocumentation" time="13.343"/>
  <testcase classname="testNG.SauceLabs" name="DevelopersPlaywright" time="13.145"/>
  <testcase classname="testNG.SauceDemo" name="AppLaunch" time="10.923"/>
  <testcase classname="testNG.SauceDemo" name="EnterLoginDetails" time="1.044"/>
  <testcase classname="testNG.SauceDemo" name="FMenuAboutUsClick" time="11.063"/>
  <testcase classname="testNG.SauceDemo" name="DevelopersCypress" time="20.217"/>
  <testcase classname="testNG.SauceDemo" name="DevelopersAppiumTesting" time="18.992"/>
  <testcase classname="testNG.SauceDemo" name="ResourcesBlog" time="87.707"/>
  <testcase classname="testNG.SauceDemo" name="ResourcesWebinars" time="13.685"/>
  <testcase classname="testNG.SauceDemo" name="ResourcesDatasheets" time="10.629"/>
  <testcase classname="testNG.SauceDemo" name="ResourcesCaseStudy" time="12.465"/>
  <testcase classname="testNG.SauceDemo" name="ResourcesTEIStudy" time="12.7"/>
  <testcase classname="testNG.SauceDemo" name="ResourcesVideo" time="12.368"/>
  <testcase classname="testNG.SauceDemo" name="SearchEngine" time="13.053"/>
  <testcase classname="testNG.SauceDemo" name="TryitNowButton" time="3.771"/>
</testsuite> <!-- Swaglabs -->
