<?xml version="1.0" encoding="UTF-8"?>
<!-- Generated by org.testng.reporters.JUnitXMLReporter -->
<testsuite ignored="0" hostname="DESKTOP-I5RB4A6" failures="0" tests="7" name="MavenTest" time="83.406" errors="0" timestamp="2024-05-29T11:22:14 IST">
  <testcase classname="ultimateQA.SkillsWebsite" name="AppLaunch" time="8.956"/>
  <testcase classname="ultimateQA.SkillsWebsite" name="ServicesClick" time="10.735"/>
  <testcase classname="ultimateQA.SkillsWebsite" name="AboutPageClick" time="10.771"/>
  <testcase classname="ultimateQA.SkillsWebsite" name="BlogPageClick" time="10.77"/>
  <testcase classname="ultimateQA.SkillsWebsite" name="EducationPagedropdown" time="10.855"/>
  <testcase classname="ultimateQA.SkillsWebsite" name="DetailsPage" time="20.709"/>
  <testcase classname="ultimateQA.SkillsWebsite" name="SubmitButton" time="10.415"/>
</testsuite> <!-- MavenTest -->
