<?xml version="1.0" encoding="UTF-8"?>
<!-- Generated by org.testng.reporters.JUnitXMLReporter -->
<testsuite ignored="28" hostname="DESKTOP-I5RB4A6" failures="9" tests="9" name="Swaglabs(failed)" time="0.185" errors="0" timestamp="2024-05-22T09:14:21 IST">
  <testcase classname="testNG.SwagLabs" name="ProductsSauceErrorReport" time="0.021">
    <failure type="java.lang.NullPointerException" message="Cannot invoke &amp;quot;org.openqa.selenium.WebDriver.findElement(org.openqa.selenium.By)&amp;quot; because &amp;quot;this.driver&amp;quot; is null">
      <![CDATA[java.lang.NullPointerException: Cannot invoke "org.openqa.selenium.WebDriver.findElement(org.openqa.selenium.By)" because "this.driver" is null
at testNG.SwagLabs.ProductsSauceErrorReport(SwagLabs.java:88)
at java.base/java.util.ArrayList.forEach(ArrayList.java:1511)
... Removed 27 stack frames]]>
    </failure>
  </testcase> <!-- ProductsSauceErrorReport -->
  <testcase classname="testNG.SauceDemo" name="ResourcesDatasheets" time="0.002">
    <failure type="java.lang.NullPointerException" message="Cannot invoke &amp;quot;org.openqa.selenium.WebDriver.findElement(org.openqa.selenium.By)&amp;quot; because &amp;quot;this.driver&amp;quot; is null">
      <![CDATA[java.lang.NullPointerException: Cannot invoke "org.openqa.selenium.WebDriver.findElement(org.openqa.selenium.By)" because "this.driver" is null
at testNG.SauceDemo.ResourcesDatasheets(SauceDemo.java:114)
at java.base/java.util.ArrayList.forEach(ArrayList.java:1511)
... Removed 27 stack frames]]>
    </failure>
  </testcase> <!-- ResourcesDatasheets -->
  <testcase classname="testNG.SauceDemo" name="ResourcesTEIStudy" time="0.003">
    <failure type="java.lang.NullPointerException" message="Cannot invoke &amp;quot;org.openqa.selenium.WebDriver.findElement(org.openqa.selenium.By)&amp;quot; because &amp;quot;this.driver&amp;quot; is null">
      <![CDATA[java.lang.NullPointerException: Cannot invoke "org.openqa.selenium.WebDriver.findElement(org.openqa.selenium.By)" because "this.driver" is null
at testNG.SauceDemo.ResourcesTEIStudy(SauceDemo.java:140)
at java.base/java.util.ArrayList.forEach(ArrayList.java:1511)
... Removed 27 stack frames]]>
    </failure>
  </testcase> <!-- ResourcesTEIStudy -->
  <testcase classname="testNG.SauceDemo" name="ResourcesVideo" time="0.004">
    <failure type="java.lang.NullPointerException" message="Cannot invoke &amp;quot;org.openqa.selenium.WebDriver.findElement(org.openqa.selenium.By)&amp;quot; because &amp;quot;this.driver&amp;quot; is null">
      <![CDATA[java.lang.NullPointerException: Cannot invoke "org.openqa.selenium.WebDriver.findElement(org.openqa.selenium.By)" because "this.driver" is null
at testNG.SauceDemo.ResourcesVideo(SauceDemo.java:152)
at java.base/java.util.ArrayList.forEach(ArrayList.java:1511)
... Removed 27 stack frames]]>
    </failure>
  </testcase> <!-- ResourcesVideo -->
  <testcase classname="testNG.SauceDemo" name="TryitNowButton" time="0.004">
    <failure type="java.lang.NullPointerException" message="Cannot invoke &amp;quot;org.openqa.selenium.WebDriver.findElement(org.openqa.selenium.By)&amp;quot; because &amp;quot;this.driver&amp;quot; is null">
      <![CDATA[java.lang.NullPointerException: Cannot invoke "org.openqa.selenium.WebDriver.findElement(org.openqa.selenium.By)" because "this.driver" is null
at testNG.SauceDemo.TryitNowButton(SauceDemo.java:163)
at java.base/java.util.ArrayList.forEach(ArrayList.java:1511)
... Removed 27 stack frames]]>
    </failure>
  </testcase> <!-- TryitNowButton -->
  <testcase classname="testNG.SauceDemo" name="SearchEngine" time="0.006">
    <failure type="java.lang.NullPointerException" message="Cannot invoke &amp;quot;org.openqa.selenium.WebDriver.getWindowHandle()&amp;quot; because &amp;quot;this.driver&amp;quot; is null">
      <![CDATA[java.lang.NullPointerException: Cannot invoke "org.openqa.selenium.WebDriver.getWindowHandle()" because "this.driver" is null
at testNG.SauceDemo.SearchEngine(SauceDemo.java:177)
at java.base/java.util.ArrayList.forEach(ArrayList.java:1511)
... Removed 27 stack frames]]>
    </failure>
  </testcase> <!-- SearchEngine -->
  <testcase classname="testNG.SauceLabs" name="SolutionsContinuesTesting" time="0.002">
    <failure type="java.lang.NullPointerException" message="Cannot invoke &amp;quot;org.openqa.selenium.WebDriver.findElement(org.openqa.selenium.By)&amp;quot; because &amp;quot;this.driver&amp;quot; is null">
      <![CDATA[java.lang.NullPointerException: Cannot invoke "org.openqa.selenium.WebDriver.findElement(org.openqa.selenium.By)" because "this.driver" is null
at testNG.SauceLabs.SolutionsContinuesTesting(SauceLabs.java:77)
at java.base/java.util.ArrayList.forEach(ArrayList.java:1511)
... Removed 27 stack frames]]>
    </failure>
  </testcase> <!-- SolutionsContinuesTesting -->
  <testcase classname="testNG.SauceLabs" name="SolutionsDebugging" time="0.003">
    <failure type="java.lang.NullPointerException" message="Cannot invoke &amp;quot;org.openqa.selenium.WebDriver.findElement(org.openqa.selenium.By)&amp;quot; because &amp;quot;this.driver&amp;quot; is null">
      <![CDATA[java.lang.NullPointerException: Cannot invoke "org.openqa.selenium.WebDriver.findElement(org.openqa.selenium.By)" because "this.driver" is null
at testNG.SauceLabs.SolutionsDebugging(SauceLabs.java:118)
at java.base/java.util.ArrayList.forEach(ArrayList.java:1511)
... Removed 27 stack frames]]>
    </failure>
  </testcase> <!-- SolutionsDebugging -->
  <testcase classname="testNG.SauceLabs" name="DevelopersSelenium" time="0.001">
    <failure type="java.lang.NullPointerException" message="Cannot invoke &amp;quot;org.openqa.selenium.WebDriver.findElement(org.openqa.selenium.By)&amp;quot; because &amp;quot;this.driver&amp;quot; is null">
      <![CDATA[java.lang.NullPointerException: Cannot invoke "org.openqa.selenium.WebDriver.findElement(org.openqa.selenium.By)" because "this.driver" is null
at testNG.SauceLabs.DevelopersSelenium(SauceLabs.java:157)
at java.base/java.util.ArrayList.forEach(ArrayList.java:1511)
... Removed 27 stack frames]]>
    </failure>
  </testcase> <!-- DevelopersSelenium -->
  <testcase classname="testNG.SauceDemo" name="EnterLoginDetails" time="0.0">
    <ignored/>
  </testcase> <!-- EnterLoginDetails -->
  <testcase classname="testNG.SwagLabs" name="AppLaunch" time="0.0">
    <ignored/>
  </testcase> <!-- AppLaunch -->
  <testcase classname="testNG.SauceLabs" name="AppLaunch" time="0.0">
    <ignored/>
  </testcase> <!-- AppLaunch -->
  <testcase classname="testNG.SwagLabs" name="ProductsSauceMobile" time="0.0">
    <ignored/>
  </testcase> <!-- ProductsSauceMobile -->
  <testcase classname="testNG.SauceDemo" name="DevelopersCypress" time="0.0">
    <ignored/>
  </testcase> <!-- DevelopersCypress -->
  <testcase classname="testNG.SauceDemo" name="ResourcesCaseStudy" time="0.0">
    <ignored/>
  </testcase> <!-- ResourcesCaseStudy -->
  <testcase classname="testNG.SwagLabs" name="SolutionsTestorchestration" time="0.0">
    <ignored/>
  </testcase> <!-- SolutionsTestorchestration -->
  <testcase classname="testNG.SwagLabs" name="ProductsSauceLowCode" time="0.0">
    <ignored/>
  </testcase> <!-- ProductsSauceLowCode -->
  <testcase classname="testNG.SauceLabs" name="DevelopersPlaywright" time="0.0">
    <ignored/>
  </testcase> <!-- DevelopersPlaywright -->
  <testcase classname="testNG.SauceLabs" name="SolutionsTestAnalytics" time="0.0">
    <ignored/>
  </testcase> <!-- SolutionsTestAnalytics -->
  <testcase classname="testNG.SauceDemo" name="AppLaunch" time="0.0">
    <ignored/>
  </testcase> <!-- AppLaunch -->
  <testcase classname="testNG.SauceLabs" name="EnterLoginDetails" time="0.0">
    <ignored/>
  </testcase> <!-- EnterLoginDetails -->
  <testcase classname="testNG.SauceLabs" name="DevelopersDocumentation" time="0.0">
    <ignored/>
  </testcase> <!-- DevelopersDocumentation -->
  <testcase classname="testNG.SauceDemo" name="ResourcesWebinars" time="0.0">
    <ignored/>
  </testcase> <!-- ResourcesWebinars -->
  <testcase classname="testNG.SauceLabs" name="SolutionsCIandCD" time="0.0">
    <ignored/>
  </testcase> <!-- SolutionsCIandCD -->
  <testcase classname="testNG.SwagLabs" name="SolutionsEnterprise" time="0.0">
    <ignored/>
  </testcase> <!-- SolutionsEnterprise -->
  <testcase classname="testNG.SauceDemo" name="DevelopersAppiumTesting" time="0.0">
    <ignored/>
  </testcase> <!-- DevelopersAppiumTesting -->
  <testcase classname="testNG.SwagLabs" name="SolutionsVisualtesting" time="0.0">
    <ignored/>
  </testcase> <!-- SolutionsVisualtesting -->
  <testcase classname="testNG.SauceDemo" name="ResourcesBlog" time="0.0">
    <ignored/>
  </testcase> <!-- ResourcesBlog -->
  <testcase classname="testNG.SwagLabs" name="MenuAboutUsClick" time="0.0">
    <ignored/>
  </testcase> <!-- MenuAboutUsClick -->
  <testcase classname="testNG.SwagLabs" name="EnterLoginDetails" time="0.0">
    <ignored/>
  </testcase> <!-- EnterLoginDetails -->
  <testcase classname="testNG.SwagLabs" name="SolutionsTeams" time="0.0">
    <ignored/>
  </testcase> <!-- SolutionsTeams -->
  <testcase classname="testNG.SauceLabs" name="SolutionsBetaTesting" time="0.0">
    <ignored/>
  </testcase> <!-- SolutionsBetaTesting -->
  <testcase classname="testNG.SauceLabs" name="DevelopersFAQs" time="0.0">
    <ignored/>
  </testcase> <!-- DevelopersFAQs -->
  <testcase classname="testNG.SwagLabs" name="ProductsSauceCross" time="0.0">
    <ignored/>
  </testcase> <!-- ProductsSauceCross -->
  <testcase classname="testNG.SauceLabs" name="MenuAboutUsClick" time="0.0">
    <ignored/>
  </testcase> <!-- MenuAboutUsClick -->
  <testcase classname="testNG.SauceDemo" name="FMenuAboutUsClick" time="0.0">
    <ignored/>
  </testcase> <!-- FMenuAboutUsClick -->
  <testcase classname="testNG.SwagLabs" name="ProductsPlatform" time="0.0">
    <ignored/>
  </testcase> <!-- ProductsPlatform -->
</testsuite> <!-- Swaglabs(failed) -->
